[2026-07-12 23:53:35,364: INFO: main: welcome to the cnn Classication prediction model]
[2026-07-15 15:04:30,589: INFO: main: >>>>>> stage Data Ingestion stage started <<<<<<]
[2026-07-15 15:04:30,591: INFO: common: yaml file: config\config.yaml loaded successfully]
[2026-07-15 15:04:30,593: INFO: common: yaml file: params.yaml loaded successfully]
[2026-07-15 15:04:30,594: INFO: common: created directory at: artifacts]
[2026-07-15 15:04:30,594: INFO: common: created directory at: artifacts/data_ingestion]
[2026-07-15 15:04:30,595: INFO: data_ingestion: downloading data from https://drive.google.com/file/d/1C9z19EFJTPmGfa_GG5B_WGwIbvnvkO6G/view?usp=sharing into file artifacts/data_ingestion/archive.zip]
[2026-07-15 15:16:10,426: INFO: stage1_data_ingestion: >>>>>> stage Data Ingestion stage started <<<<<<]
[2026-07-15 15:16:10,433: INFO: common: yaml file: config\config.yaml loaded successfully]
[2026-07-15 15:16:10,433: INFO: common: yaml file: params.yaml loaded successfully]
[2026-07-15 15:16:10,433: INFO: common: created directory at: artifacts]
[2026-07-15 15:16:10,433: INFO: common: created directory at: artifacts/data_ingestion]
[2026-07-15 15:16:10,433: INFO: data_ingestion: downloading data from https://drive.google.com/file/d/1C9z19EFJTPmGfa_GG5B_WGwIbvnvkO6G/view?usp=sharing into file artifacts/data_ingestion/archive.zip]
[2026-07-15 16:15:02,569: ERROR: stage1_data_ingestion: ('Connection broken: IncompleteRead(105703433 bytes read, 1522215875 more expected)', IncompleteRead(105703433 bytes read, 1522215875 more expected))]
Traceback (most recent call last):
  File "C:\Users\welcome\Projects\Kidney-Disease-Classification-DLOPS\cnnClassifier\Lib\site-packages\urllib3\response.py", line 905, in _error_catcher
    yield
  File "C:\Users\welcome\Projects\Kidney-Disease-Classification-DLOPS\cnnClassifier\Lib\site-packages\urllib3\response.py", line 1043, in _raw_read
    raise IncompleteRead(self._fp_bytes_read, self.length_remaining)
urllib3.exceptions.IncompleteRead: IncompleteRead(105703433 bytes read, 1522215875 more expected)

The above exception was the direct cause of the following exception:

Traceback (most recent call last):
  File "C:\Users\welcome\Projects\Kidney-Disease-Classification-DLOPS\cnnClassifier\Lib\site-packages\requests\models.py", line 937, in generate
    yield from self.raw.stream(chunk_size, decode_content=True)
  File "C:\Users\welcome\Projects\Kidney-Disease-Classification-DLOPS\cnnClassifier\Lib\site-packages\urllib3\response.py", line 1267, in stream
    data = self.read(amt=amt, decode_content=decode_content)
           ^^^^^^^^^^^^^^^^^^^^^^^^^^^^^^^^^^^^^^^^^^^^^^^^^
  File "C:\Users\welcome\Projects\Kidney-Disease-Classification-DLOPS\cnnClassifier\Lib\site-packages\urllib3\response.py", line 1155, in read
    data = self._raw_read(amt)
           ^^^^^^^^^^^^^^^^^^^
  File "C:\Users\welcome\Projects\Kidney-Disease-Classification-DLOPS\cnnClassifier\Lib\site-packages\urllib3\response.py", line 1021, in _raw_read
    with self._error_catcher():
         ^^^^^^^^^^^^^^^^^^^^^
  File "C:\Users\welcome\AppData\Local\Programs\Python\Python312\Lib\contextlib.py", line 158, in __exit__
    self.gen.throw(value)
  File "C:\Users\welcome\Projects\Kidney-Disease-Classification-DLOPS\cnnClassifier\Lib\site-packages\urllib3\response.py", line 925, in _error_catcher
    raise ProtocolError(arg, e) from e
urllib3.exceptions.ProtocolError: ('Connection broken: IncompleteRead(105703433 bytes read, 1522215875 more expected)', IncompleteRead(105703433 bytes read, 1522215875 more expected))

During handling of the above exception, another exception occurred:

Traceback (most recent call last):
  File "C:\Users\welcome\Projects\Kidney-Disease-Classification-DLOPS\src\Kidney_Disease_Classification\pipeline\stage1_data_ingestion.py", line 25, in <module>
    obj.main()
  File "C:\Users\welcome\Projects\Kidney-Disease-Classification-DLOPS\src\Kidney_Disease_Classification\pipeline\stage1_data_ingestion.py", line 16, in main
    data_ingestion.download_file()
  File "C:\Users\welcome\Projects\Kidney-Disease-Classification-DLOPS\src\Kidney_Disease_Classification\components\data_ingestion.py", line 27, in download_file
    raise e
  File "C:\Users\welcome\Projects\Kidney-Disease-Classification-DLOPS\src\Kidney_Disease_Classification\components\data_ingestion.py", line 23, in download_file
    gdown.download(prefix+file_id, zip_download_dir)
  File "C:\Users\welcome\Projects\Kidney-Disease-Classification-DLOPS\cnnClassifier\Lib\site-packages\gdown\download.py", line 421, in download
    for chunk in res.iter_content(chunk_size=CHUNK_SIZE):
                 ^^^^^^^^^^^^^^^^^^^^^^^^^^^^^^^^^^^^^^^
  File "C:\Users\welcome\Projects\Kidney-Disease-Classification-DLOPS\cnnClassifier\Lib\site-packages\requests\models.py", line 939, in generate
    raise ChunkedEncodingError(e)
requests.exceptions.ChunkedEncodingError: ('Connection broken: IncompleteRead(105703433 bytes read, 1522215875 more expected)', IncompleteRead(105703433 bytes read, 1522215875 more expected))
[2026-07-15 16:15:18,569: INFO: stage1_data_ingestion: >>>>>> stage Data Ingestion stage started <<<<<<]
[2026-07-15 16:15:18,571: INFO: common: yaml file: config\config.yaml loaded successfully]
[2026-07-15 16:15:18,572: INFO: common: yaml file: params.yaml loaded successfully]
[2026-07-15 16:15:18,573: INFO: common: created directory at: artifacts]
[2026-07-15 16:15:18,573: INFO: common: created directory at: artifacts/data_ingestion]
[2026-07-15 16:15:18,573: INFO: data_ingestion: downloading data from https://drive.google.com/file/d/1C9z19EFJTPmGfa_GG5B_WGwIbvnvkO6G/view?usp=sharing into file artifacts/data_ingestion/archive.zip]
[2026-07-15 16:49:33,551: INFO: data_ingestion: Downloaded data from https://drive.google.com/file/d/1C9z19EFJTPmGfa_GG5B_WGwIbvnvkO6G/view?usp=sharing into file artifacts/data_ingestion/archive.zip]
[2026-07-15 16:49:58,392: INFO: stage1_data_ingestion: >>>>>> stage Data Ingestion stage completed <<<<<<

x==========x]
[2026-07-15 16:51:22,472: INFO: stage2_prepare_base_model: ******************]
[2026-07-15 16:51:22,472: INFO: stage2_prepare_base_model: >>>>>> stage Prepare base model started <<<<<<]
[2026-07-15 16:51:22,488: INFO: common: yaml file: config\config.yaml loaded successfully]
[2026-07-15 16:51:22,489: INFO: common: yaml file: params.yaml loaded successfully]
[2026-07-15 16:51:22,489: INFO: common: created directory at: artifacts]
[2026-07-15 16:51:22,489: INFO: common: created directory at: artifacts/prepare_base_model]
[2026-07-15 16:51:22,492: ERROR: stage2_prepare_base_model: "'ConfigBox' object has no attribute 'learning_rate'"]
Traceback (most recent call last):
  File "C:\Users\welcome\Projects\Kidney-Disease-Classification-DLOPS\cnnClassifier\Lib\site-packages\box\box.py", line 503, in __getitem__
    return super().__getitem__(item)
           ^^^^^^^^^^^^^^^^^^^^^^^^^
KeyError: 'LEARNING_RATE'

The above exception was the direct cause of the following exception:

Traceback (most recent call last):
  File "C:\Users\welcome\Projects\Kidney-Disease-Classification-DLOPS\cnnClassifier\Lib\site-packages\box\box.py", line 536, in __getattr__
    value = self.__getitem__(item, _ignore_default=True)
            ^^^^^^^^^^^^^^^^^^^^^^^^^^^^^^^^^^^^^^^^^^^^
  File "C:\Users\welcome\Projects\Kidney-Disease-Classification-DLOPS\cnnClassifier\Lib\site-packages\box\box.py", line 524, in __getitem__
    raise BoxKeyError(str(err)) from _exception_cause(err)
box.exceptions.BoxKeyError: "'LEARNING_RATE'"

During handling of the above exception, another exception occurred:

Traceback (most recent call last):
  File "C:\Users\welcome\Projects\Kidney-Disease-Classification-DLOPS\cnnClassifier\Lib\site-packages\box\box.py", line 538, in __getattr__
    value = object.__getattribute__(self, item)
            ^^^^^^^^^^^^^^^^^^^^^^^^^^^^^^^^^^^
AttributeError: 'ConfigBox' object has no attribute 'LEARNING_RATE'

The above exception was the direct cause of the following exception:

Traceback (most recent call last):
  File "C:\Users\welcome\Projects\Kidney-Disease-Classification-DLOPS\cnnClassifier\Lib\site-packages\box\config_box.py", line 28, in __getattr__
    return super().__getattr__(item)
           ^^^^^^^^^^^^^^^^^^^^^^^^^
  File "C:\Users\welcome\Projects\Kidney-Disease-Classification-DLOPS\cnnClassifier\Lib\site-packages\box\box.py", line 552, in __getattr__
    raise BoxKeyError(str(err)) from _exception_cause(err)
box.exceptions.BoxKeyError: "'ConfigBox' object has no attribute 'LEARNING_RATE'"

During handling of the above exception, another exception occurred:

Traceback (most recent call last):
  File "C:\Users\welcome\Projects\Kidney-Disease-Classification-DLOPS\cnnClassifier\Lib\site-packages\box\box.py", line 503, in __getitem__
    return super().__getitem__(item)
           ^^^^^^^^^^^^^^^^^^^^^^^^^
KeyError: 'learning_rate'

The above exception was the direct cause of the following exception:

Traceback (most recent call last):
  File "C:\Users\welcome\Projects\Kidney-Disease-Classification-DLOPS\cnnClassifier\Lib\site-packages\box\box.py", line 536, in __getattr__
    value = self.__getitem__(item, _ignore_default=True)
            ^^^^^^^^^^^^^^^^^^^^^^^^^^^^^^^^^^^^^^^^^^^^
  File "C:\Users\welcome\Projects\Kidney-Disease-Classification-DLOPS\cnnClassifier\Lib\site-packages\box\box.py", line 524, in __getitem__
    raise BoxKeyError(str(err)) from _exception_cause(err)
box.exceptions.BoxKeyError: "'learning_rate'"

During handling of the above exception, another exception occurred:

Traceback (most recent call last):
  File "C:\Users\welcome\Projects\Kidney-Disease-Classification-DLOPS\cnnClassifier\Lib\site-packages\box\box.py", line 538, in __getattr__
    value = object.__getattribute__(self, item)
            ^^^^^^^^^^^^^^^^^^^^^^^^^^^^^^^^^^^
AttributeError: 'ConfigBox' object has no attribute 'learning_rate'

The above exception was the direct cause of the following exception:

Traceback (most recent call last):
  File "C:\Users\welcome\Projects\Kidney-Disease-Classification-DLOPS\src\Kidney_Disease_Classification\pipeline\stage2_prepare_base_model.py", line 23, in <module>
    obj.main()
  File "C:\Users\welcome\Projects\Kidney-Disease-Classification-DLOPS\src\Kidney_Disease_Classification\pipeline\stage2_prepare_base_model.py", line 13, in main
    prepare_base_model_config = config.get_prepare_base_model_config()
                                ^^^^^^^^^^^^^^^^^^^^^^^^^^^^^^^^^^^^^^
  File "C:\Users\welcome\Projects\Kidney-Disease-Classification-DLOPS\src\Kidney_Disease_Classification\config\configuration.py", line 51, in get_prepare_base_model_config
    params_learning_rate=self.params.LEARNING_RATE,
                         ^^^^^^^^^^^^^^^^^^^^^^^^^
  File "C:\Users\welcome\Projects\Kidney-Disease-Classification-DLOPS\cnnClassifier\Lib\site-packages\box\config_box.py", line 30, in __getattr__
    return super().__getattr__(item.lower())
           ^^^^^^^^^^^^^^^^^^^^^^^^^^^^^^^^^
  File "C:\Users\welcome\Projects\Kidney-Disease-Classification-DLOPS\cnnClassifier\Lib\site-packages\box\box.py", line 552, in __getattr__
    raise BoxKeyError(str(err)) from _exception_cause(err)
box.exceptions.BoxKeyError: "'ConfigBox' object has no attribute 'learning_rate'"
[2026-07-15 16:54:33,777: INFO: stage2_prepare_base_model: ******************]
[2026-07-15 16:54:33,778: INFO: stage2_prepare_base_model: >>>>>> stage Prepare base model started <<<<<<]
[2026-07-15 16:54:33,780: INFO: common: yaml file: config\config.yaml loaded successfully]
[2026-07-15 16:54:33,781: INFO: common: yaml file: params.yaml loaded successfully]
[2026-07-15 16:54:33,782: INFO: common: created directory at: artifacts]
[2026-07-15 16:54:33,782: INFO: common: created directory at: artifacts/prepare_base_model]
[2026-07-15 16:54:34,267: WARNING: saving_api: You are saving your model as an HDF5 file via `model.save()` or `keras.saving.save_model(model)`. This file format is considered legacy. We recommend using instead the native Keras format, e.g. `model.save('my_model.keras')` or `keras.saving.save_model(model, 'my_model.keras')`. ]
[2026-07-15 16:54:34,384: WARNING: config: TensorFlow GPU support is not available on native Windows for TensorFlow >= 2.11. Even if CUDA/cuDNN are installed, GPU will not be used. Please use WSL2 or the TensorFlow-DirectML plugin.]
[2026-07-15 16:54:34,415: WARNING: saving_api: You are saving your model as an HDF5 file via `model.save()` or `keras.saving.save_model(model)`. This file format is considered legacy. We recommend using instead the native Keras format, e.g. `model.save('my_model.keras')` or `keras.saving.save_model(model, 'my_model.keras')`. ]
[2026-07-15 16:54:34,515: INFO: stage2_prepare_base_model: >>>>>> stage Prepare base model completed <<<<<<

x==========x]
[2026-07-15 16:55:00,093: INFO: stage3_model_training: *******************]
[2026-07-15 16:55:00,094: INFO: stage3_model_training: >>>>>> stage Training started <<<<<<]
[2026-07-15 16:55:00,095: INFO: common: yaml file: config\config.yaml loaded successfully]
[2026-07-15 16:55:00,097: INFO: common: yaml file: params.yaml loaded successfully]
[2026-07-15 16:55:00,097: INFO: common: created directory at: artifacts]
[2026-07-15 16:55:00,098: INFO: common: created directory at: artifacts\training]
[2026-07-15 16:55:00,376: WARNING: config: TensorFlow GPU support is not available on native Windows for TensorFlow >= 2.11. Even if CUDA/cuDNN are installed, GPU will not be used. Please use WSL2 or the TensorFlow-DirectML plugin.]
[2026-07-15 16:55:02,876: ERROR: stage3_model_training: Arguments `target` and `output` must have the same shape. Received: target.shape=(None, 1), output.shape=(None, 4)]
Traceback (most recent call last):
  File "C:\Users\welcome\Projects\Kidney-Disease-Classification-DLOPS\src\Kidney_Disease_Classification\pipeline\stage3_model_training.py", line 30, in <module>
    obj.main()
  File "C:\Users\welcome\Projects\Kidney-Disease-Classification-DLOPS\src\Kidney_Disease_Classification\pipeline\stage3_model_training.py", line 21, in main
    training.train()
  File "C:\Users\welcome\Projects\Kidney-Disease-Classification-DLOPS\src\Kidney_Disease_Classification\components\model_training.py", line 84, in train
    self.model.fit(
  File "C:\Users\welcome\Projects\Kidney-Disease-Classification-DLOPS\cnnClassifier\Lib\site-packages\keras\src\utils\traceback_utils.py", line 122, in error_handler
    raise e.with_traceback(filtered_tb) from None
  File "C:\Users\welcome\Projects\Kidney-Disease-Classification-DLOPS\cnnClassifier\Lib\site-packages\keras\src\backend\tensorflow\nn.py", line 1354, in categorical_crossentropy
    raise ValueError(
ValueError: Arguments `target` and `output` must have the same shape. Received: target.shape=(None, 1), output.shape=(None, 4)
[2026-07-15 17:01:40,543: INFO: stage1_data_ingestion: >>>>>> stage Data Ingestion stage started <<<<<<]
[2026-07-15 17:01:40,545: INFO: common: yaml file: config\config.yaml loaded successfully]
[2026-07-15 17:01:40,547: INFO: common: yaml file: params.yaml loaded successfully]
[2026-07-15 17:01:40,548: INFO: common: created directory at: artifacts]
[2026-07-15 17:01:40,548: INFO: common: created directory at: artifacts/data_ingestion]
[2026-07-15 17:01:40,549: INFO: data_ingestion: downloading data from https://drive.google.com/file/d/1vlhZ5c7abUKF8xXERIw6m9Te8fW7ohw3/view?usp=sharing into file artifacts/data_ingestion/archive.zip]
[2026-07-15 17:03:17,748: INFO: data_ingestion: Downloaded data from https://drive.google.com/file/d/1vlhZ5c7abUKF8xXERIw6m9Te8fW7ohw3/view?usp=sharing into file artifacts/data_ingestion/archive.zip]
[2026-07-15 17:03:18,547: INFO: stage1_data_ingestion: >>>>>> stage Data Ingestion stage completed <<<<<<

x==========x]
[2026-07-15 17:03:30,103: INFO: stage2_prepare_base_model: ******************]
[2026-07-15 17:03:30,104: INFO: stage2_prepare_base_model: >>>>>> stage Prepare base model started <<<<<<]
[2026-07-15 17:03:30,105: INFO: common: yaml file: config\config.yaml loaded successfully]
[2026-07-15 17:03:30,107: INFO: common: yaml file: params.yaml loaded successfully]
[2026-07-15 17:03:30,107: INFO: common: created directory at: artifacts]
[2026-07-15 17:03:30,108: INFO: common: created directory at: artifacts/prepare_base_model]
[2026-07-15 17:03:30,456: WARNING: saving_api: You are saving your model as an HDF5 file via `model.save()` or `keras.saving.save_model(model)`. This file format is considered legacy. We recommend using instead the native Keras format, e.g. `model.save('my_model.keras')` or `keras.saving.save_model(model, 'my_model.keras')`. ]
[2026-07-15 17:03:30,558: WARNING: config: TensorFlow GPU support is not available on native Windows for TensorFlow >= 2.11. Even if CUDA/cuDNN are installed, GPU will not be used. Please use WSL2 or the TensorFlow-DirectML plugin.]
[2026-07-15 17:03:30,585: WARNING: saving_api: You are saving your model as an HDF5 file via `model.save()` or `keras.saving.save_model(model)`. This file format is considered legacy. We recommend using instead the native Keras format, e.g. `model.save('my_model.keras')` or `keras.saving.save_model(model, 'my_model.keras')`. ]
[2026-07-15 17:03:30,682: INFO: stage2_prepare_base_model: >>>>>> stage Prepare base model completed <<<<<<

x==========x]
[2026-07-15 17:03:41,758: INFO: stage3_model_training: *******************]
[2026-07-15 17:03:41,759: INFO: stage3_model_training: >>>>>> stage Training started <<<<<<]
[2026-07-15 17:03:41,761: INFO: common: yaml file: config\config.yaml loaded successfully]
[2026-07-15 17:03:41,763: INFO: common: yaml file: params.yaml loaded successfully]
[2026-07-15 17:03:41,763: INFO: common: created directory at: artifacts]
[2026-07-15 17:03:41,764: INFO: common: created directory at: artifacts\training]
[2026-07-15 17:03:42,042: WARNING: config: TensorFlow GPU support is not available on native Windows for TensorFlow >= 2.11. Even if CUDA/cuDNN are installed, GPU will not be used. Please use WSL2 or the TensorFlow-DirectML plugin.]
[2026-07-15 17:11:06,426: WARNING: saving_api: You are saving your model as an HDF5 file via `model.save()` or `keras.saving.save_model(model)`. This file format is considered legacy. We recommend using instead the native Keras format, e.g. `model.save('my_model.keras')` or `keras.saving.save_model(model, 'my_model.keras')`. ]
[2026-07-15 17:11:06,805: INFO: stage3_model_training: >>>>>> stage Training completed <<<<<<

x==========x]
[2026-07-15 18:04:32,576: INFO: stage4_model_evaluation: *******************]
[2026-07-15 18:04:32,577: INFO: stage4_model_evaluation: >>>>>> stage Evaluation stage started <<<<<<]
[2026-07-15 18:04:32,579: INFO: common: yaml file: config\config.yaml loaded successfully]
[2026-07-15 18:04:32,580: INFO: common: yaml file: params.yaml loaded successfully]
[2026-07-15 18:04:32,581: INFO: common: created directory at: artifacts]
[2026-07-15 18:04:33,024: WARNING: config: TensorFlow GPU support is not available on native Windows for TensorFlow >= 2.11. Even if CUDA/cuDNN are installed, GPU will not be used. Please use WSL2 or the TensorFlow-DirectML plugin.]
[2026-07-15 18:04:33,027: WARNING: saving_utils: Compiled the loaded model, but the compiled metrics have yet to be built. `model.compile_metrics` will be empty until you train or evaluate the model.]
[2026-07-15 18:04:51,474: INFO: common: json file saved at: scores.json]
[2026-07-15 18:04:51,481: INFO: common: json file saved at: scores.json]
[2026-07-15 18:04:51,484: INFO: stage4_model_evaluation: >>>>>> stage Evaluation stage completed <<<<<<

x==========x]
[2026-07-15 18:17:50,180: INFO: stage4_model_evaluation: >>>>>> stage Model Evaluation Stage started <<<<<<]
[2026-07-15 18:17:50,182: INFO: common: yaml file: config\config.yaml loaded successfully]
[2026-07-15 18:17:50,184: INFO: common: yaml file: params.yaml loaded successfully]
[2026-07-15 18:17:50,184: INFO: common: created directory at: artifacts]
[2026-07-15 18:17:50,185: INFO: stage4_model_evaluation: Starting local validation dataset evaluation...]
[2026-07-15 18:17:50,514: WARNING: config: TensorFlow GPU support is not available on native Windows for TensorFlow >= 2.11. Even if CUDA/cuDNN are installed, GPU will not be used. Please use WSL2 or the TensorFlow-DirectML plugin.]
[2026-07-15 18:17:50,518: WARNING: saving_utils: Compiled the loaded model, but the compiled metrics have yet to be built. `model.compile_metrics` will be empty until you train or evaluate the model.]
[2026-07-15 18:18:06,505: INFO: common: json file saved at: scores.json]
[2026-07-15 18:18:06,506: INFO: stage4_model_evaluation: Streaming parameters, metrics, and models to DagsHub MLflow Server...]
[2026-07-15 18:18:30,890: INFO: _client: HTTP Request: POST https://dagshub.com/login/oauth/middleman "HTTP/1.1 200 OK"]
[2026-07-15 18:18:35,205: INFO: _client: HTTP Request: POST https://dagshub.com/login/oauth/access_token "HTTP/1.1 200 OK"]
[2026-07-15 18:18:39,645: INFO: _client: HTTP Request: GET https://dagshub.com/api/v1/user "HTTP/1.1 200 OK"]
[2026-07-15 18:18:39,680: INFO: helpers: Accessing as Gargeesharmaa]
[2026-07-15 18:18:43,992: INFO: _client: HTTP Request: GET https://dagshub.com/api/v1/repos/Gargeesharmaa/Kidney-Disease-Classification-dlops "HTTP/1.1 200 OK"]
[2026-07-15 18:18:49,014: INFO: _client: HTTP Request: GET https://dagshub.com/api/v1/user "HTTP/1.1 200 OK"]
[2026-07-15 18:18:49,023: INFO: helpers: Initialized MLflow to track repo "Gargeesharmaa/Kidney-Disease-Classification-dlops"]
[2026-07-15 18:18:49,028: INFO: helpers: Repository Gargeesharmaa/Kidney-Disease-Classification-dlops initialized!]
[2026-07-15 18:30:30,900: WARNING: connectionpool: Retrying (Retry(total=6, connect=7, read=7, redirect=7, status=7)) after connection broken by 'SSLEOFError(8, 'EOF occurred in violation of protocol (_ssl.c:2427)')': /Gargeesharmaa/Kidney-Disease-Classification-dlops.mlflow/api/2.0/mlflow-artifacts/artifacts/c36482e938a145cc8072a6a14c7eac91/models/m-65d825f190be4a3094667e032594f98a/artifacts/data/model.keras]
[2026-07-15 23:18:36,553: INFO: main: >>>>>> stage Data Ingestion stage started <<<<<<]
[2026-07-15 23:18:36,563: INFO: common: yaml file: config\config.yaml loaded successfully]
[2026-07-15 23:18:36,593: INFO: common: yaml file: params.yaml loaded successfully]
[2026-07-15 23:18:36,603: INFO: common: created directory at: artifacts]
[2026-07-15 23:18:36,603: INFO: common: created directory at: artifacts/data_ingestion]
[2026-07-15 23:18:36,603: INFO: data_ingestion: downloading data from https://drive.google.com/file/d/1C9z19EFJTPmGfa_GG5B_WGwIbvnvkO6G/view?usp=sharing into file artifacts/data_ingestion/archive.zip]
[2026-07-16 00:16:20,483: INFO: data_ingestion: Downloaded data from https://drive.google.com/file/d/1C9z19EFJTPmGfa_GG5B_WGwIbvnvkO6G/view?usp=sharing into file artifacts/data_ingestion/archive.zip]
[2026-07-16 00:16:54,924: INFO: main: >>>>>> stage Data Ingestion stage completed <<<<<<

x==========x]
[2026-07-16 00:16:54,924: INFO: main: >>>>>> stage Prepare Base Model Stage started <<<<<<]
[2026-07-16 00:16:54,929: INFO: common: yaml file: config\config.yaml loaded successfully]
[2026-07-16 00:16:54,934: INFO: common: yaml file: params.yaml loaded successfully]
[2026-07-16 00:16:54,939: INFO: common: created directory at: artifacts]
[2026-07-16 00:16:54,939: INFO: common: created directory at: artifacts/prepare_base_model]
[2026-07-16 00:16:55,999: WARNING: saving_utils: Compiled the loaded model, but the compiled metrics have yet to be built. `model.compile_metrics` will be empty until you train or evaluate the model.]
[2026-07-16 00:16:56,154: ERROR: main: 'PrepareBaseModelConfig' object has no attribute 'params_lr']
Traceback (most recent call last):
  File "main.py", line 31, in <module>
    obj.main()
  File "C:\Users\welcome\Projects\Kidney-Disease-Classification-DLOPS\src\Kidney_Disease_Classification\pipeline\stage2_prepare_base_model.py", line 16, in main
    prepare_base_model.update_base_model()
  File "C:\Users\welcome\Projects\Kidney-Disease-Classification-DLOPS\src\Kidney_Disease_Classification\components\prepare_base_model.py", line 61, in update_base_model
    learning_rate=self.config.params_lr
AttributeError: 'PrepareBaseModelConfig' object has no attribute 'params_lr'
[2026-07-16 00:52:23,909: INFO: stage2_prepare_base_model: >>>>>> stage Prepare Base Model Stage started <<<<<<]
[2026-07-16 00:52:23,911: INFO: common: yaml file: config\config.yaml loaded successfully]
[2026-07-16 00:52:23,911: INFO: common: yaml file: params.yaml loaded successfully]
[2026-07-16 00:52:23,911: INFO: common: created directory at: artifacts]
[2026-07-16 00:52:23,911: INFO: common: created directory at: artifacts/prepare_base_model]
[2026-07-16 00:52:24,479: WARNING: saving_utils: Compiled the loaded model, but the compiled metrics have yet to be built. `model.compile_metrics` will be empty until you train or evaluate the model.]
[2026-07-16 00:52:24,781: INFO: stage2_prepare_base_model: >>>>>> stage Prepare Base Model Stage completed <<<<<<

x==========x]
[2026-07-16 00:53:20,499: INFO: stage3_model_training: >>>>>> stage Model Training Stage started <<<<<<]
[2026-07-16 00:53:20,499: INFO: common: yaml file: config\config.yaml loaded successfully]
[2026-07-16 00:53:20,499: INFO: common: yaml file: params.yaml loaded successfully]
[2026-07-16 00:53:20,499: INFO: common: created directory at: artifacts]
[2026-07-16 00:53:20,513: INFO: common: created directory at: artifacts\training]
[2026-07-16 00:53:20,513: ERROR: stage3_model_training: "'ConfigBox' object has no attribute 'updated_base_model_path'"]
Traceback (most recent call last):
  File "box\box.py", line 503, in box.box.Box.__getitem__
KeyError: 'updated_base_model_path'

The above exception was the direct cause of the following exception:

Traceback (most recent call last):
  File "box\box.py", line 536, in box.box.Box.__getattr__
  File "box\box.py", line 524, in box.box.Box.__getitem__
box.exceptions.BoxKeyError: "'updated_base_model_path'"

During handling of the above exception, another exception occurred:

Traceback (most recent call last):
  File "box\box.py", line 538, in box.box.Box.__getattr__
AttributeError: 'ConfigBox' object has no attribute 'updated_base_model_path'

The above exception was the direct cause of the following exception:

Traceback (most recent call last):
  File "box\config_box.py", line 28, in box.config_box.ConfigBox.__getattr__
  File "box\box.py", line 552, in box.box.Box.__getattr__
box.exceptions.BoxKeyError: "'ConfigBox' object has no attribute 'updated_base_model_path'"

During handling of the above exception, another exception occurred:

Traceback (most recent call last):
  File "box\box.py", line 503, in box.box.Box.__getitem__
KeyError: 'updated_base_model_path'

The above exception was the direct cause of the following exception:

Traceback (most recent call last):
  File "box\box.py", line 536, in box.box.Box.__getattr__
  File "box\box.py", line 524, in box.box.Box.__getitem__
box.exceptions.BoxKeyError: "'updated_base_model_path'"

During handling of the above exception, another exception occurred:

Traceback (most recent call last):
  File "box\box.py", line 538, in box.box.Box.__getattr__
AttributeError: 'ConfigBox' object has no attribute 'updated_base_model_path'

The above exception was the direct cause of the following exception:

Traceback (most recent call last):
  File "src/Kidney_Disease_Classification/pipeline/stage3_model_training.py", line 21, in <module>
    obj.main()
  File "src/Kidney_Disease_Classification/pipeline/stage3_model_training.py", line 13, in main
    training_config = config.get_training_config()
  File "C:\Users\welcome\Projects\Kidney-Disease-Classification-DLOPS\src\Kidney_Disease_Classification\config\configuration.py", line 72, in get_training_config
    updated_base_model_path=Path(training.updated_base_model_path),
  File "box\config_box.py", line 30, in box.config_box.ConfigBox.__getattr__
  File "box\box.py", line 552, in box.box.Box.__getattr__
box.exceptions.BoxKeyError: "'ConfigBox' object has no attribute 'updated_base_model_path'"
[2026-07-16 00:57:58,832: INFO: stage3_model_training: >>>>>> stage Model Training Stage started <<<<<<]
[2026-07-16 00:57:58,832: INFO: common: yaml file: config\config.yaml loaded successfully]
[2026-07-16 00:57:58,832: INFO: common: yaml file: params.yaml loaded successfully]
[2026-07-16 00:57:58,832: INFO: common: created directory at: artifacts]
[2026-07-16 00:57:58,832: INFO: common: created directory at: artifacts\training]
[2026-07-16 00:57:58,832: ERROR: stage3_model_training: __init__() got an unexpected keyword argument 'params_classes']
Traceback (most recent call last):
  File "src/Kidney_Disease_Classification/pipeline/stage3_model_training.py", line 21, in <module>
    obj.main()
  File "src/Kidney_Disease_Classification/pipeline/stage3_model_training.py", line 13, in main
    training_config = config.get_training_config()
  File "C:\Users\welcome\Projects\Kidney-Disease-Classification-DLOPS\src\Kidney_Disease_Classification\config\configuration.py", line 69, in get_training_config
    training_config = TrainingConfig(
TypeError: __init__() got an unexpected keyword argument 'params_classes'
[2026-07-16 00:59:17,101: INFO: stage3_model_training: >>>>>> stage Model Training Stage started <<<<<<]
[2026-07-16 00:59:17,101: INFO: common: yaml file: config\config.yaml loaded successfully]
[2026-07-16 00:59:17,101: INFO: common: yaml file: params.yaml loaded successfully]
[2026-07-16 00:59:17,101: INFO: common: created directory at: artifacts]
[2026-07-16 00:59:17,101: INFO: common: created directory at: artifacts\training]
[2026-07-16 00:59:17,101: ERROR: stage3_model_training: __init__() got an unexpected keyword argument 'params_classes']
Traceback (most recent call last):
  File "src/Kidney_Disease_Classification/pipeline/stage3_model_training.py", line 21, in <module>
    obj.main()
  File "src/Kidney_Disease_Classification/pipeline/stage3_model_training.py", line 13, in main
    training_config = config.get_training_config()
  File "C:\Users\welcome\Projects\Kidney-Disease-Classification-DLOPS\src\Kidney_Disease_Classification\config\configuration.py", line 69, in get_training_config
    training_config = TrainingConfig(
TypeError: __init__() got an unexpected keyword argument 'params_classes'
[2026-07-16 01:01:24,489: INFO: stage3_model_training: >>>>>> stage Model Training Stage started <<<<<<]
[2026-07-16 01:01:24,489: INFO: common: yaml file: config\config.yaml loaded successfully]
[2026-07-16 01:01:24,489: INFO: common: yaml file: params.yaml loaded successfully]
[2026-07-16 01:01:24,489: INFO: common: created directory at: artifacts]
[2026-07-16 01:01:24,489: INFO: common: created directory at: artifacts\training]
[2026-07-16 12:46:43,224: INFO: stage2_prepare_base_model: >>>>>> stage Prepare Base Model Stage started <<<<<<]
[2026-07-16 12:46:43,258: INFO: common: yaml file: config\config.yaml loaded successfully]
[2026-07-16 12:46:43,263: INFO: common: yaml file: params.yaml loaded successfully]
[2026-07-16 12:46:43,267: INFO: common: created directory at: artifacts]
[2026-07-16 12:46:43,268: INFO: common: created directory at: artifacts/prepare_base_model]
[2026-07-16 12:46:43,964: WARNING: saving_utils: Compiled the loaded model, but the compiled metrics have yet to be built. `model.compile_metrics` will be empty until you train or evaluate the model.]
[2026-07-16 12:46:44,229: INFO: stage2_prepare_base_model: >>>>>> stage Prepare Base Model Stage completed <<<<<<

x==========x]
[2026-07-16 12:47:00,744: INFO: stage3_model_training: >>>>>> stage Model Training Stage started <<<<<<]
[2026-07-16 12:47:00,744: INFO: common: yaml file: config\config.yaml loaded successfully]
[2026-07-16 12:47:00,744: INFO: common: yaml file: params.yaml loaded successfully]
[2026-07-16 12:47:00,744: INFO: common: created directory at: artifacts]
[2026-07-16 12:47:00,744: INFO: common: created directory at: artifacts\training]
[2026-07-16 16:40:17,449: INFO: stage3_model_training: >>>>>> stage Model Training Stage started <<<<<<]
[2026-07-16 16:40:17,465: INFO: common: yaml file: config\config.yaml loaded successfully]
[2026-07-16 16:40:17,485: INFO: common: yaml file: params.yaml loaded successfully]
[2026-07-16 16:40:17,496: INFO: common: created directory at: artifacts]
[2026-07-16 16:40:17,505: INFO: common: created directory at: artifacts\training]
[2026-07-16 21:31:42,051: ERROR: stage3_model_training: Graph execution error:

FileNotFoundError: [Errno 2] No such file or directory: 'artifacts\\data_ingestion\\CT-KIDNEY-DATASET-Normal-Cyst-Tumor-Stone\\CT-KIDNEY-DATASET-Normal-Cyst-Tumor-Stone\\Cyst\\Cyst- (2237).jpg'
Traceback (most recent call last):

  File "C:\Users\welcome\Projects\Kidney-Disease-Classification-DLOPS\cnnClassifier\lib\site-packages\tensorflow\python\ops\script_ops.py", line 271, in __call__
    ret = func(*args)

  File "C:\Users\welcome\Projects\Kidney-Disease-Classification-DLOPS\cnnClassifier\lib\site-packages\tensorflow\python\autograph\impl\api.py", line 642, in wrapper
    return func(*args, **kwargs)

  File "C:\Users\welcome\Projects\Kidney-Disease-Classification-DLOPS\cnnClassifier\lib\site-packages\tensorflow\python\data\ops\dataset_ops.py", line 1039, in generator_py_func
    values = next(generator_state.get_iterator(iterator_id))

  File "C:\Users\welcome\Projects\Kidney-Disease-Classification-DLOPS\cnnClassifier\lib\site-packages\keras\engine\data_adapter.py", line 901, in wrapped_generator
    for data in generator_fn():

  File "C:\Users\welcome\Projects\Kidney-Disease-Classification-DLOPS\cnnClassifier\lib\site-packages\keras\engine\data_adapter.py", line 1048, in generator_fn
    yield x[i]

  File "C:\Users\welcome\Projects\Kidney-Disease-Classification-DLOPS\cnnClassifier\lib\site-packages\keras\preprocessing\image.py", line 116, in __getitem__
    return self._get_batches_of_transformed_samples(index_array)

  File "C:\Users\welcome\Projects\Kidney-Disease-Classification-DLOPS\cnnClassifier\lib\site-packages\keras\preprocessing\image.py", line 370, in _get_batches_of_transformed_samples
    img = image_utils.load_img(

  File "C:\Users\welcome\Projects\Kidney-Disease-Classification-DLOPS\cnnClassifier\lib\site-packages\keras\utils\image_utils.py", line 422, in load_img
    with open(path, "rb") as f:

FileNotFoundError: [Errno 2] No such file or directory: 'artifacts\\data_ingestion\\CT-KIDNEY-DATASET-Normal-Cyst-Tumor-Stone\\CT-KIDNEY-DATASET-Normal-Cyst-Tumor-Stone\\Cyst\\Cyst- (2237).jpg'


	 [[{{node PyFunc}}]]
	 [[IteratorGetNext]] [Op:__inference_test_function_2433]]
Traceback (most recent call last):
  File "src/Kidney_Disease_Classification/pipeline/stage3_model_training.py", line 21, in <module>
    obj.main()
  File "src/Kidney_Disease_Classification/pipeline/stage3_model_training.py", line 15, in main
    training.train()
  File "C:\Users\welcome\Projects\Kidney-Disease-Classification-DLOPS\src\Kidney_Disease_Classification\components\model_training.py", line 80, in train
    self.model.fit(
  File "C:\Users\welcome\Projects\Kidney-Disease-Classification-DLOPS\cnnClassifier\lib\site-packages\keras\utils\traceback_utils.py", line 70, in error_handler
    raise e.with_traceback(filtered_tb) from None
  File "C:\Users\welcome\Projects\Kidney-Disease-Classification-DLOPS\cnnClassifier\lib\site-packages\tensorflow\python\eager\execute.py", line 52, in quick_execute
    tensors = pywrap_tfe.TFE_Py_Execute(ctx._handle, device_name, op_name,
tensorflow.python.framework.errors_impl.UnknownError: Graph execution error:

FileNotFoundError: [Errno 2] No such file or directory: 'artifacts\\data_ingestion\\CT-KIDNEY-DATASET-Normal-Cyst-Tumor-Stone\\CT-KIDNEY-DATASET-Normal-Cyst-Tumor-Stone\\Cyst\\Cyst- (2237).jpg'
Traceback (most recent call last):

  File "C:\Users\welcome\Projects\Kidney-Disease-Classification-DLOPS\cnnClassifier\lib\site-packages\tensorflow\python\ops\script_ops.py", line 271, in __call__
    ret = func(*args)

  File "C:\Users\welcome\Projects\Kidney-Disease-Classification-DLOPS\cnnClassifier\lib\site-packages\tensorflow\python\autograph\impl\api.py", line 642, in wrapper
    return func(*args, **kwargs)

  File "C:\Users\welcome\Projects\Kidney-Disease-Classification-DLOPS\cnnClassifier\lib\site-packages\tensorflow\python\data\ops\dataset_ops.py", line 1039, in generator_py_func
    values = next(generator_state.get_iterator(iterator_id))

  File "C:\Users\welcome\Projects\Kidney-Disease-Classification-DLOPS\cnnClassifier\lib\site-packages\keras\engine\data_adapter.py", line 901, in wrapped_generator
    for data in generator_fn():

  File "C:\Users\welcome\Projects\Kidney-Disease-Classification-DLOPS\cnnClassifier\lib\site-packages\keras\engine\data_adapter.py", line 1048, in generator_fn
    yield x[i]

  File "C:\Users\welcome\Projects\Kidney-Disease-Classification-DLOPS\cnnClassifier\lib\site-packages\keras\preprocessing\image.py", line 116, in __getitem__
    return self._get_batches_of_transformed_samples(index_array)

  File "C:\Users\welcome\Projects\Kidney-Disease-Classification-DLOPS\cnnClassifier\lib\site-packages\keras\preprocessing\image.py", line 370, in _get_batches_of_transformed_samples
    img = image_utils.load_img(

  File "C:\Users\welcome\Projects\Kidney-Disease-Classification-DLOPS\cnnClassifier\lib\site-packages\keras\utils\image_utils.py", line 422, in load_img
    with open(path, "rb") as f:

FileNotFoundError: [Errno 2] No such file or directory: 'artifacts\\data_ingestion\\CT-KIDNEY-DATASET-Normal-Cyst-Tumor-Stone\\CT-KIDNEY-DATASET-Normal-Cyst-Tumor-Stone\\Cyst\\Cyst- (2237).jpg'


	 [[{{node PyFunc}}]]
	 [[IteratorGetNext]] [Op:__inference_test_function_2433]
[2026-07-16 21:43:14,275: INFO: stage1_data_ingestion: >>>>>> stage Data Ingestion stage started <<<<<<]
[2026-07-16 21:43:14,275: INFO: common: yaml file: config\config.yaml loaded successfully]
[2026-07-16 21:43:14,291: INFO: common: yaml file: params.yaml loaded successfully]
[2026-07-16 21:43:14,291: INFO: common: created directory at: artifacts]
[2026-07-16 21:43:14,291: INFO: common: created directory at: artifacts/data_ingestion]
[2026-07-16 21:43:14,291: INFO: data_ingestion: downloading data from https://drive.google.com/file/d/1C9z19EFJTPmGfa_GG5B_WGwIbvnvkO6G/view?usp=sharing into file artifacts/data_ingestion/archive.zip]
